<?xml version="1.0" encoding="UTF-8"?>
<!-- Generated by org.testng.reporters.JUnitReportReporter -->
<testsuite hostname="DESKTOP-V05DCMJ" failures="0" tests="1" name="PHPTravelsTest.LoginTest" time="6.050" errors="0" timestamp="2023-01-23T16:37:25 IST" skipped="0">
  <testcase classname="PHPTravelsTest.LoginTest" name="test_Login" time="6.050"/>
  <system-out/>
</testsuite> <!-- PHPTravelsTest.LoginTest -->
